<?xml version="1.0" encoding="UTF-8"?>
<testng-results skipped="0" failed="0" ignored="0" total="1" passed="1">
  <reporter-output>
  </reporter-output>
  <suite name="Suite" duration-ms="7765" started-at="2019-09-14T12:25:57 EDT" finished-at="2019-09-14T12:26:05 EDT">
    <groups>
    </groups>
    <test name="Test" duration-ms="7765" started-at="2019-09-14T12:25:57 EDT" finished-at="2019-09-14T12:26:05 EDT">
      <class name="pack1.OpenBrowser">
        <test-method status="PASS" signature="openbrowser()[pri:0, instance:pack1.OpenBrowser@5abca1e0]" name="openbrowser" duration-ms="7693" started-at="2019-09-14T12:25:57 EDT" finished-at="2019-09-14T12:26:05 EDT">
          <reporter-output>
          </reporter-output>
        </test-method> <!-- openbrowser -->
      </class> <!-- pack1.OpenBrowser -->
    </test> <!-- Test -->
  </suite> <!-- Suite -->
</testng-results>
